[DEBUG] [2017-12-01 11:03:06][org.mybatis.generator.internal.db.DatabaseIntrospector]Retrieving column information for table "t_order"
[DEBUG] [2017-12-01 11:03:06][org.mybatis.generator.internal.db.DatabaseIntrospector]Found column "f_code", data type 12, in table "baina..t_order"
[DEBUG] [2017-12-01 11:03:06][org.mybatis.generator.internal.db.DatabaseIntrospector]Found column "f_com_id", data type 4, in table "baina..t_order"
[DEBUG] [2017-12-01 11:03:06][org.mybatis.generator.internal.db.DatabaseIntrospector]Found column "f_spec_info", data type 1, in table "baina..t_order"
[DEBUG] [2017-12-01 11:03:06][org.mybatis.generator.internal.db.DatabaseIntrospector]Found column "f_cust_id", data type 4, in table "baina..t_order"
[DEBUG] [2017-12-01 11:03:06][org.mybatis.generator.internal.db.DatabaseIntrospector]Found column "f_amount", data type 3, in table "baina..t_order"
[DEBUG] [2017-12-01 11:03:06][org.mybatis.generator.internal.db.DatabaseIntrospector]Found column "f_order_time", data type 93, in table "baina..t_order"
[DEBUG] [2017-12-01 11:03:06][org.mybatis.generator.internal.db.DatabaseIntrospector]Found column "f_pay_state", data type -7, in table "baina..t_order"
[DEBUG] [2017-12-01 11:03:06][org.mybatis.generator.internal.db.DatabaseIntrospector]Found column "f_track_num", data type 12, in table "baina..t_order"
[DEBUG] [2017-12-01 11:03:06][org.mybatis.generator.internal.db.DatabaseIntrospector]Found column "f_track_state", data type 4, in table "baina..t_order"
[DEBUG] [2017-12-01 11:03:06][org.mybatis.generator.internal.db.DatabaseIntrospector]Found column "f_track_sub_state", data type -7, in table "baina..t_order"
[DEBUG] [2017-12-01 11:03:06][org.mybatis.generator.internal.db.DatabaseIntrospector]Found column "f_strack_sub_remark", data type 12, in table "baina..t_order"
[DEBUG] [2017-12-01 11:03:45][org.mybatis.generator.internal.db.DatabaseIntrospector]Retrieving column information for table "t_order"
[DEBUG] [2017-12-01 11:03:45][org.mybatis.generator.internal.db.DatabaseIntrospector]Found column "f_code", data type 12, in table "baina..t_order"
[DEBUG] [2017-12-01 11:03:45][org.mybatis.generator.internal.db.DatabaseIntrospector]Found column "f_com_id", data type 4, in table "baina..t_order"
[DEBUG] [2017-12-01 11:03:45][org.mybatis.generator.internal.db.DatabaseIntrospector]Found column "f_spec_info", data type 1, in table "baina..t_order"
[DEBUG] [2017-12-01 11:03:45][org.mybatis.generator.internal.db.DatabaseIntrospector]Found column "f_cust_id", data type 4, in table "baina..t_order"
[DEBUG] [2017-12-01 11:03:45][org.mybatis.generator.internal.db.DatabaseIntrospector]Found column "f_amount", data type 3, in table "baina..t_order"
[DEBUG] [2017-12-01 11:03:45][org.mybatis.generator.internal.db.DatabaseIntrospector]Found column "f_order_time", data type 93, in table "baina..t_order"
[DEBUG] [2017-12-01 11:03:45][org.mybatis.generator.internal.db.DatabaseIntrospector]Found column "f_pay_state", data type -7, in table "baina..t_order"
[DEBUG] [2017-12-01 11:03:45][org.mybatis.generator.internal.db.DatabaseIntrospector]Found column "f_track_num", data type 12, in table "baina..t_order"
[DEBUG] [2017-12-01 11:03:45][org.mybatis.generator.internal.db.DatabaseIntrospector]Found column "f_track_state", data type 4, in table "baina..t_order"
[DEBUG] [2017-12-01 11:03:45][org.mybatis.generator.internal.db.DatabaseIntrospector]Found column "f_track_sub_state", data type -7, in table "baina..t_order"
[DEBUG] [2017-12-01 11:03:45][org.mybatis.generator.internal.db.DatabaseIntrospector]Found column "f_strack_sub_remark", data type 12, in table "baina..t_order"
[DEBUG] [2017-12-01 11:28:51][org.mybatis.generator.internal.db.DatabaseIntrospector]Retrieving column information for table "t_order"
[DEBUG] [2017-12-01 11:28:52][org.mybatis.generator.internal.db.DatabaseIntrospector]Found column "f_code", data type 12, in table "baina..t_order"
[DEBUG] [2017-12-01 11:28:52][org.mybatis.generator.internal.db.DatabaseIntrospector]Found column "f_com_id", data type 4, in table "baina..t_order"
[DEBUG] [2017-12-01 11:28:52][org.mybatis.generator.internal.db.DatabaseIntrospector]Found column "f_spec_info", data type 1, in table "baina..t_order"
[DEBUG] [2017-12-01 11:28:52][org.mybatis.generator.internal.db.DatabaseIntrospector]Found column "f_cust_id", data type 4, in table "baina..t_order"
[DEBUG] [2017-12-01 11:28:52][org.mybatis.generator.internal.db.DatabaseIntrospector]Found column "f_amount", data type 3, in table "baina..t_order"
[DEBUG] [2017-12-01 11:28:52][org.mybatis.generator.internal.db.DatabaseIntrospector]Found column "f_order_time", data type 93, in table "baina..t_order"
[DEBUG] [2017-12-01 11:28:52][org.mybatis.generator.internal.db.DatabaseIntrospector]Found column "f_pay_state", data type -7, in table "baina..t_order"
[DEBUG] [2017-12-01 11:28:52][org.mybatis.generator.internal.db.DatabaseIntrospector]Found column "f_track_num", data type 12, in table "baina..t_order"
[DEBUG] [2017-12-01 11:28:52][org.mybatis.generator.internal.db.DatabaseIntrospector]Found column "f_track_state", data type 4, in table "baina..t_order"
[DEBUG] [2017-12-01 11:28:52][org.mybatis.generator.internal.db.DatabaseIntrospector]Found column "f_track_sub_state", data type -7, in table "baina..t_order"
[DEBUG] [2017-12-01 11:28:52][org.mybatis.generator.internal.db.DatabaseIntrospector]Found column "f_strack_sub_remark", data type 12, in table "baina..t_order"
